<?xml version="1.0" encoding="UTF-8"?>
<!-- Generated by org.testng.reporters.JUnitReportReporter -->
<testsuite hostname="Raj" failures="0" tests="6" name="automationScripts.AmazonFeatureTests" time="3.820" errors="0" timestamp="2024-05-27T22:08:01 IST" skipped="2">
  <testcase classname="automationScripts.AmazonFeatureTests" name="verifyTitleOfThePage" time="0.017"/>
  <system-out/>
  <testcase classname="automationScripts.AmazonFeatureTests" name="searchProduct" time="2.920"/>
  <system-out/>
  <testcase classname="automationScripts.AmazonFeatureTests" name="getNthProduct" time="0.042"/>
  <system-out/>
  <testcase classname="automationScripts.AmazonFeatureTests" name="getAllProductsViaScrollDownUsingJS" time="0.841"/>
  <system-out/>
  <testcase classname="automationScripts.AmazonFeatureTests" name="searchAllProductsViaScrollDown">
    <skipped/>
  </testcase> <!-- searchAllProductsViaScrollDown -->
  <system-out/>
  <testcase classname="automationScripts.AmazonFeatureTests" name="getAllProducts">
    <skipped/>
  </testcase> <!-- getAllProducts -->
  <system-out/>
</testsuite> <!-- automationScripts.AmazonFeatureTests -->
